#
# There is insufficient memory for the Java Runtime Environment to continue.
# Native memory allocation (malloc) failed to allocate 8072 bytes for AllocateHeap
# Possible reasons:
#   The system is out of physical RAM or swap space
#   The process is running with CompressedOops enabled, and the Java Heap may be blocking the growth of the native heap
# Possible solutions:
#   Reduce memory load on the system
#   Increase physical memory or swap space
#   Check if swap backing store is full
#   Decrease Java heap size (-Xmx/-Xms)
#   Decrease number of Java threads
#   Decrease Java thread stack sizes (-Xss)
#   Set larger code cache with -XX:ReservedCodeCacheSize=
#   JVM is running with Zero Based Compressed Oops mode in which the Java heap is
#     placed in the first 32GB address space. The Java Heap base address is the
#     maximum limit for the native heap growth. Please use -XX:HeapBaseMinAddress
#     to set the Java Heap base and to place the Java Heap above 32GB virtual address.
# This output file may be truncated or incomplete.
#
#  Out of Memory Error (t:/workspace/open/src/hotspot/share/memory/allocation.cpp:46), pid=9704, tid=5228
#
# JRE version:  (11.0.6+8) (build )
# Java VM: Java HotSpot(TM) 64-Bit Server VM (11.0.6+8-LTS, mixed mode, tiered, compressed oops, g1 gc, windows-amd64)
# No core dump will be written. Minidumps are not enabled by default on client versions of Windows
#

---------------  S U M M A R Y ------------

Command Line: -ea -Didea.test.cyclic.buffer.size=1048576 -javaagent:C:\Users\litch\AppData\Local\JetBrains\Toolbox\apps\IDEA-U\ch-0\201.6668.121\lib\idea_rt.jar=52116:C:\Users\litch\AppData\Local\JetBrains\Toolbox\apps\IDEA-U\ch-0\201.6668.121\bin -Dfile.encoding=UTF-8 com.intellij.rt.junit.JUnitStarter -ideVersion5 -junit4 com.esiran.greenpay.test.SimpleTest,test

Host: Intel(R) Core(TM) i5-2380P CPU @ 3.10GHz, 4 cores, 11G,  Windows 10 , 64 bit Build 18362 (10.0.18362.778)
Time: Tue May  5 18:43:25 2020 ?D1¨²¡À¨º¡Á?¨º¡À?? elapsed time: 0 seconds (0d 0h 0m 0s)

---------------  T H R E A D  ---------------

Current thread (0x000001b840024800):  JavaThread "Unknown thread" [_thread_in_vm, id=5228, stack(0x0000001374300000,0x0000001374400000)]

Stack: [0x0000001374300000,0x0000001374400000]
Native frames: (J=compiled Java code, j=interpreted, Vv=VM code, C=native code)
V  [jvm.dll+0x63679a]
V  [jvm.dll+0x7755bf]
V  [jvm.dll+0x776c65]
V  [jvm.dll+0x7772d3]
V  [jvm.dll+0x25e7f8]
V  [jvm.dll+0xb945a]
V  [jvm.dll+0x2c492f]
V  [jvm.dll+0x1e5832]
V  [jvm.dll+0x1e736e]
V  [jvm.dll+0x74febb]
V  [jvm.dll+0x373349]
V  [jvm.dll+0x734e5e]
V  [jvm.dll+0x3e2b5d]
V  [jvm.dll+0x3e4ef1]
C  [java.exe+0x3607]
C  [java.exe+0x178dc]
C  [KERNEL32.DLL+0x17bd4]
C  [ntdll.dll+0x6ce51]


---------------  P R O C E S S  ---------------

Threads class SMR info:
_java_thread_list=0x000001b83decce80, length=0, elements={
}

Java Threads: ( => current thread )

Other Threads:
  0x000001b84003b800 GCTaskThread "GC Thread#0" [stack: 0x0000001374500000,0x0000001374600000] [id=18276]
  0x000001b840084000 ConcurrentGCThread "G1 Main Marker" [stack: 0x0000001374600000,0x0000001374700000] [id=24548]
  0x000001b840085800 ConcurrentGCThread "G1 Conc#0" [stack: 0x0000001374700000,0x0000001374800000] [id=9512]
  0x000001b8608f6800 ConcurrentGCThread "G1 Refine#0" [stack: 0x0000001374800000,0x0000001374900000] [id=19824]
  0x000001b8608f7800 ConcurrentGCThread "G1 Young RemSet Sampling" [stack: 0x0000001374900000,0x0000001374a00000] [id=19040]

=>0x000001b840024800 (exited) JavaThread "Unknown thread" [_thread_in_vm, id=5228, stack(0x0000001374300000,0x0000001374400000)]

Threads with active compile tasks:

VM state:not at safepoint (not fully initialized)

VM Mutex/Monitor currently owned by a thread: None

Heap address: 0x0000000740a00000, size: 3062 MB, Compressed Oops mode: Zero based, Oop shift amount: 3
Narrow klass base: 0x0000000800000000, Narrow klass shift: 0
Compressed class space size: 1073741824 Address: 0x0000000800000000

GC Heap History (0 events):
No events

Deoptimization events (0 events):
No events

Classes redefined (0 events):
No events

Internal exceptions (0 events):
No events

Events (0 events):
No events


Dynamic libraries:
0x00007ff7fa340000 - 0x00007ff7fa387000 	C:\Program Files\Java\jdk-11.0.6\bin\java.exe
0x00007ffdd21c0000 - 0x00007ffdd23b0000 	C:\Windows\SYSTEM32\ntdll.dll
0x00007ffdd0830000 - 0x00007ffdd08e2000 	C:\Windows\System32\KERNEL32.DLL
0x00007ffdcf1d0000 - 0x00007ffdcf473000 	C:\Windows\System32\KERNELBASE.dll
0x00007ffdd1b90000 - 0x00007ffdd1c33000 	C:\Windows\System32\ADVAPI32.dll
0x00007ffdd11b0000 - 0x00007ffdd124e000 	C:\Windows\System32\msvcrt.dll
0x00007ffdd0d00000 - 0x00007ffdd0d97000 	C:\Windows\System32\sechost.dll
0x00007ffdd06e0000 - 0x00007ffdd0800000 	C:\Windows\System32\RPCRT4.dll
0x00007ffdd1f70000 - 0x00007ffdd2104000 	C:\Windows\System32\USER32.dll
0x00007ffdcf970000 - 0x00007ffdcf991000 	C:\Windows\System32\win32u.dll
0x00007ffdd1f40000 - 0x00007ffdd1f66000 	C:\Windows\System32\GDI32.dll
0x00007ffdcf730000 - 0x00007ffdcf8c4000 	C:\Windows\System32\gdi32full.dll
0x00007ffdcf690000 - 0x00007ffdcf72e000 	C:\Windows\System32\msvcp_win.dll
0x00007ffdcf530000 - 0x00007ffdcf62a000 	C:\Windows\System32\ucrtbase.dll
0x00007ffdb3750000 - 0x00007ffdb39d5000 	C:\Windows\WinSxS\amd64_microsoft.windows.common-controls_6595b64144ccf1df_6.0.18362.778_none_e6c6b761130d4fb8\COMCTL32.dll
0x00007ffdd08f0000 - 0x00007ffdd0c26000 	C:\Windows\System32\combase.dll
0x00007ffdcf8f0000 - 0x00007ffdcf970000 	C:\Windows\System32\bcryptPrimitives.dll
0x00007ffdcb900000 - 0x00007ffdcb90a000 	C:\Windows\SYSTEM32\VERSION.dll
0x00007ffdd0800000 - 0x00007ffdd082e000 	C:\Windows\System32\IMM32.DLL
0x00007ffdca7b0000 - 0x00007ffdca7c6000 	C:\Program Files\Java\jdk-11.0.6\bin\vcruntime140.dll
0x00007ffda7810000 - 0x00007ffda78ba000 	C:\Program Files\Java\jdk-11.0.6\bin\msvcp140.dll
0x00007ffd9c3c0000 - 0x00007ffd9cee9000 	C:\Program Files\Java\jdk-11.0.6\bin\server\jvm.dll
0x00007ffdd1f30000 - 0x00007ffdd1f38000 	C:\Windows\System32\PSAPI.DLL
0x00007ffdca3c0000 - 0x00007ffdca3c9000 	C:\Windows\SYSTEM32\WSOCK32.dll
0x00007ffdd2110000 - 0x00007ffdd217f000 	C:\Windows\System32\WS2_32.dll
0x00007ffdc6db0000 - 0x00007ffdc6dd4000 	C:\Windows\SYSTEM32\WINMM.dll
0x00007ffdc6b60000 - 0x00007ffdc6b8d000 	C:\Windows\SYSTEM32\WINMMBASE.dll
0x00007ffdcf180000 - 0x00007ffdcf1ca000 	C:\Windows\System32\cfgmgr32.dll
0x00007ffdcf110000 - 0x00007ffdcf121000 	C:\Windows\System32\kernel.appcore.dll
0x00007ffdca370000 - 0x00007ffdca381000 	C:\Program Files\Java\jdk-11.0.6\bin\verify.dll
0x00007ffdc9380000 - 0x00007ffdc9574000 	C:\Windows\SYSTEM32\DBGHELP.DLL
0x00007ffdc9290000 - 0x00007ffdc92ba000 	C:\Windows\SYSTEM32\dbgcore.DLL
0x00007ffdca150000 - 0x00007ffdca179000 	C:\Program Files\Java\jdk-11.0.6\bin\java.dll
0x00007ffdc9f90000 - 0x00007ffdc9fbf000 	C:\Program Files\Java\jdk-11.0.6\bin\instrument.dll
0x00007ffdca2a0000 - 0x00007ffdca2b6000 	C:\Program Files\Java\jdk-11.0.6\bin\zip.dll
0x00007ffdcbcc0000 - 0x00007ffdcbcca000 	C:\Program Files\Java\jdk-11.0.6\bin\jimage.dll

dbghelp: loaded successfully - version: 4.0.5 - missing functions: none
symbol engine: initialized successfully - sym options: 0x614 - pdb path: .;C:\Program Files\Java\jdk-11.0.6\bin;C:\Windows\SYSTEM32;C:\Windows\WinSxS\amd64_microsoft.windows.common-controls_6595b64144ccf1df_6.0.18362.778_none_e6c6b761130d4fb8;C:\Program Files\Java\jdk-11.0.6\bin\server

VM Arguments:
jvm_args: -ea -Didea.test.cyclic.buffer.size=1048576 -javaagent:C:\Users\litch\AppData\Local\JetBrains\Toolbox\apps\IDEA-U\ch-0\201.6668.121\lib\idea_rt.jar=52116:C:\Users\litch\AppData\Local\JetBrains\Toolbox\apps\IDEA-U\ch-0\201.6668.121\bin -Dfile.encoding=UTF-8 
java_command: com.intellij.rt.junit.JUnitStarter -ideVersion5 -junit4 com.esiran.greenpay.test.SimpleTest,test
java_class_path (initial): C:\Users\litch\AppData\Local\JetBrains\Toolbox\apps\IDEA-U\ch-0\201.6668.121\lib\idea_rt.jar;C:\Users\litch\AppData\Local\JetBrains\Toolbox\apps\IDEA-U\ch-0\201.6668.121\plugins\junit\lib\junit5-rt.jar;C:\Users\litch\AppData\Local\JetBrains\Toolbox\apps\IDEA-U\ch-0\201.6668.121\plugins\junit\lib\junit-rt.jar;D:\workspace\greenpay\greenpay-openapi\target\test-classes;D:\workspace\greenpay\greenpay-openapi\target\classes;C:\Users\litch\.m2\repository\org\springframework\boot\spring-boot-starter-thymeleaf\2.2.0.RELEASE\spring-boot-starter-thymeleaf-2.2.0.RELEASE.jar;C:\Users\litch\.m2\repository\org\springframework\boot\spring-boot-starter\2.2.0.RELEASE\spring-boot-starter-2.2.0.RELEASE.jar;C:\Users\litch\.m2\repository\org\springframework\boot\spring-boot\2.2.0.RELEASE\spring-boot-2.2.0.RELEASE.jar;C:\Users\litch\.m2\repository\org\springframework\boot\spring-boot-autoconfigure\2.2.0.RELEASE\spring-boot-autoconfigure-2.2.0.RELEASE.jar;C:\Users\litch\.m2\repository\org\springframework\boot\spring-boot-starter-logging\2.2.0.RELEASE\spring-boot-starter-logging-2.2.0.RELEASE.jar;C:\Users\litch\.m2\repository\ch\qos\logback\logback-classic\1.2.3\logback-classic-1.2.3.jar;C:\Users\litch\.m2\repository\ch\qos\logback\logback-core\1.2.3\logback-core-1.2.3.jar;C:\Users\litch\.m2\repository\org\apache\logging\log4j\log4j-to-slf4j\2.12.1\log4j-to-slf4j-2.12.1.jar;C:\Users\litch\.m2\repository\org\apache\logging\log4j\log4j-api\2.12.1\log4j-api-2.12.1.jar;C:\Users\litch\.m2\repository\org\slf4j\jul-to-slf4j\1.7.28\jul-to-slf4j-1.7.28.jar;C:\Users\litch\.m2\repository\jakarta\annotation\jakarta.annotation-api\1.3.5\jakarta.annotation-api-1.3.5.jar;C:\Users\litch\.m2\repository\org\springframework\spring-core\5.2.0.RELEASE\spring-core-5.2.0.RELEASE.jar;C:\Users\litch\.m2\repository\org\springframework\spring-jcl\5.2.0.RELEASE\spring-jcl-5.2.0.RELEASE.jar;C:\Users\litch\.m2\repository\org\yaml\snakeyaml\1.25\snakeyaml-1.25.jar;C:\Users\litch\.m2\reposito
Launcher Type: SUN_STANDARD

[Global flags]
     intx CICompilerCount                          = 3                                         {product} {ergonomic}
     uint ConcGCThreads                            = 1                                         {product} {ergonomic}
     uint G1ConcRefinementThreads                  = 4                                         {product} {ergonomic}
   size_t G1HeapRegionSize                         = 1048576                                   {product} {ergonomic}
    uintx GCDrainStackTargetSize                   = 64                                        {product} {ergonomic}
   size_t InitialHeapSize                          = 201326592                                 {product} {ergonomic}
   size_t MarkStackSize                            = 4194304                                   {product} {ergonomic}
   size_t MaxHeapSize                              = 3210739712                                {product} {ergonomic}
   size_t MaxNewSize                               = 1926234112                                {product} {ergonomic}
   size_t MinHeapDeltaBytes                        = 1048576                                   {product} {ergonomic}
    uintx NonNMethodCodeHeapSize                   = 5830732                                {pd product} {ergonomic}
    uintx NonProfiledCodeHeapSize                  = 122913754                              {pd product} {ergonomic}
    uintx ProfiledCodeHeapSize                     = 122913754                              {pd product} {ergonomic}
    uintx ReservedCodeCacheSize                    = 251658240                              {pd product} {ergonomic}
     bool SegmentedCodeCache                       = true                                      {product} {ergonomic}
     bool UseCompressedClassPointers               = true                                 {lp64_product} {ergonomic}
     bool UseCompressedOops                        = true                                 {lp64_product} {ergonomic}
     bool UseG1GC                                  = true                                      {product} {ergonomic}
     bool UseLargePagesIndividualAllocation        = false                                  {pd product} {ergonomic}

Logging:
Log output configuration:
 #0: stdout all=warning uptime,level,tags
 #1: stderr all=off uptime,level,tags

Environment Variables:
JAVA_HOME=C:\Program Files\Java\jdk-11.0.6
PATH=C:\Program Files (x86)\NetSarang\Xftp 6\;C:\Program Files (x86)\NetSarang\Xshell 6\;C:\Windows\system32;C:\Windows;C:\Windows\System32\Wbem;C:\Windows\System32\WindowsPowerShell\v1.0\;C:\Windows\System32\OpenSSH\;C:\Program Files\nodejs\;C:\Program Files\Git\cmd;C:\Program Files\Docker\Docker\resources\bin;C:\ProgramData\DockerDesktop\version-bin;C:\Program Files\Java\jdk-11.0.6\bin;C:\Program Files\MySQL\MySQL Server 8.0\bin;C:\Program Files\OpenSSL-Win64\bin;D:\opt\kafka_2.12-2.5.0\bin\windows;C:\Users\litch\AppData\Local\Programs\Python\Python38-32\Scripts\;C:\Users\litch\AppData\Local\Programs\Python\Python38-32\;C:\Users\litch\AppData\Local\Microsoft\WindowsApps;C:\Users\litch\AppData\Local\Programs\Microsoft VS Code\bin;C:\Users\litch\AppData\Roaming\npm;C:\Users\litch\AppData\Local\Programs\Fiddler
USERNAME=litch
OS=Windows_NT
PROCESSOR_IDENTIFIER=Intel64 Family 6 Model 42 Stepping 7, GenuineIntel



---------------  S Y S T E M  ---------------

OS: Windows 10 , 64 bit Build 18362 (10.0.18362.778)

CPU:total 4 (initial active 4) (4 cores per cpu, 1 threads per core) family 6 model 42 stepping 7, cmov, cx8, fxsr, mmx, sse, sse2, sse3, ssse3, sse4.1, sse4.2, popcnt, avx, aes, clmul, tsc, tscinvbit

Memory: 4k page, system-wide physical 12245M (1224M free)
TotalPageFile size 22485M (AvailPageFile size 3M)
current process WorkingSet (physical memory assigned to process): 18M, peak: 18M
current process commit charge ("private bytes"): 252M, peak: 252M

vm_info: Java HotSpot(TM) 64-Bit Server VM (11.0.6+8-LTS) for windows-amd64 JRE (11.0.6+8-LTS), built on Dec 11 2019 09:17:57 by "mach5one" with MS VC++ 15.5 (VS2017)

END.
